<?xml version="1.0" encoding="UTF-8"?>
<testsuite xmlns:xsi="http://www.w3.org/2001/XMLSchema-instance" xsi:noNamespaceSchemaLocation="https://maven.apache.org/surefire/maven-surefire-plugin/xsd/surefire-test-report-3.0.xsd" version="3.0" name="TestSuite" time="1.344" tests="6" errors="0" skipped="0" failures="0">
  <properties>
    <property name="java.specification.version" value="14"/>
    <property name="sun.cpu.isalist" value="amd64"/>
    <property name="sun.jnu.encoding" value="Cp1252"/>
    <property name="java.class.path" value="C:\Users\CHOCOLATE\eclipse-workspace\MavenExample\target\test-classes;C:\Users\CHOCOLATE\eclipse-workspace\MavenExample\target\classes;C:\Users\CHOCOLATE\.m2\repository\org\testng\testng\6.13.1\testng-6.13.1.jar;C:\Users\CHOCOLATE\.m2\repository\com\beust\jcommander\1.72\jcommander-1.72.jar;C:\Users\CHOCOLATE\.m2\repository\org\seleniumhq\selenium\selenium-java\2.53.1\selenium-java-2.53.1.jar;C:\Users\CHOCOLATE\.m2\repository\org\seleniumhq\selenium\selenium-chrome-driver\2.53.1\selenium-chrome-driver-2.53.1.jar;C:\Users\CHOCOLATE\.m2\repository\org\seleniumhq\selenium\selenium-remote-driver\2.53.1\selenium-remote-driver-2.53.1.jar;C:\Users\CHOCOLATE\.m2\repository\cglib\cglib-nodep\2.1_3\cglib-nodep-2.1_3.jar;C:\Users\CHOCOLATE\.m2\repository\com\google\code\gson\gson\2.3.1\gson-2.3.1.jar;C:\Users\CHOCOLATE\.m2\repository\org\seleniumhq\selenium\selenium-api\2.53.1\selenium-api-2.53.1.jar;C:\Users\CHOCOLATE\.m2\repository\org\apache\httpcomponents\httpclient\4.5.1\httpclient-4.5.1.jar;C:\Users\CHOCOLATE\.m2\repository\org\apache\httpcomponents\httpcore\4.4.3\httpcore-4.4.3.jar;C:\Users\CHOCOLATE\.m2\repository\com\google\guava\guava\19.0\guava-19.0.jar;C:\Users\CHOCOLATE\.m2\repository\org\seleniumhq\selenium\selenium-edge-driver\2.53.1\selenium-edge-driver-2.53.1.jar;C:\Users\CHOCOLATE\.m2\repository\commons-io\commons-io\2.4\commons-io-2.4.jar;C:\Users\CHOCOLATE\.m2\repository\org\apache\commons\commons-exec\1.3\commons-exec-1.3.jar;C:\Users\CHOCOLATE\.m2\repository\org\seleniumhq\selenium\htmlunit-driver\2.21\htmlunit-driver-2.21.jar;C:\Users\CHOCOLATE\.m2\repository\net\sourceforge\htmlunit\htmlunit\2.21\htmlunit-2.21.jar;C:\Users\CHOCOLATE\.m2\repository\xalan\xalan\2.7.2\xalan-2.7.2.jar;C:\Users\CHOCOLATE\.m2\repository\xalan\serializer\2.7.2\serializer-2.7.2.jar;C:\Users\CHOCOLATE\.m2\repository\org\apache\commons\commons-lang3\3.4\commons-lang3-3.4.jar;C:\Users\CHOCOLATE\.m2\repository\org\apache\httpcomponents\httpmime\4.5.2\httpmime-4.5.2.jar;C:\Users\CHOCOLATE\.m2\repository\commons-codec\commons-codec\1.10\commons-codec-1.10.jar;C:\Users\CHOCOLATE\.m2\repository\net\sourceforge\htmlunit\htmlunit-core-js\2.17\htmlunit-core-js-2.17.jar;C:\Users\CHOCOLATE\.m2\repository\net\sourceforge\htmlunit\neko-htmlunit\2.21\neko-htmlunit-2.21.jar;C:\Users\CHOCOLATE\.m2\repository\xerces\xercesImpl\2.11.0\xercesImpl-2.11.0.jar;C:\Users\CHOCOLATE\.m2\repository\xml-apis\xml-apis\1.4.01\xml-apis-1.4.01.jar;C:\Users\CHOCOLATE\.m2\repository\net\sourceforge\cssparser\cssparser\0.9.18\cssparser-0.9.18.jar;C:\Users\CHOCOLATE\.m2\repository\org\w3c\css\sac\1.3\sac-1.3.jar;C:\Users\CHOCOLATE\.m2\repository\commons-logging\commons-logging\1.2\commons-logging-1.2.jar;C:\Users\CHOCOLATE\.m2\repository\org\eclipse\jetty\websocket\websocket-client\9.2.15.v20160210\websocket-client-9.2.15.v20160210.jar;C:\Users\CHOCOLATE\.m2\repository\org\eclipse\jetty\jetty-util\9.2.15.v20160210\jetty-util-9.2.15.v20160210.jar;C:\Users\CHOCOLATE\.m2\repository\org\eclipse\jetty\jetty-io\9.2.15.v20160210\jetty-io-9.2.15.v20160210.jar;C:\Users\CHOCOLATE\.m2\repository\org\eclipse\jetty\websocket\websocket-common\9.2.15.v20160210\websocket-common-9.2.15.v20160210.jar;C:\Users\CHOCOLATE\.m2\repository\org\eclipse\jetty\websocket\websocket-api\9.2.15.v20160210\websocket-api-9.2.15.v20160210.jar;C:\Users\CHOCOLATE\.m2\repository\commons-collections\commons-collections\3.2.2\commons-collections-3.2.2.jar;C:\Users\CHOCOLATE\.m2\repository\org\seleniumhq\selenium\selenium-firefox-driver\2.53.1\selenium-firefox-driver-2.53.1.jar;C:\Users\CHOCOLATE\.m2\repository\org\seleniumhq\selenium\selenium-ie-driver\2.53.1\selenium-ie-driver-2.53.1.jar;C:\Users\CHOCOLATE\.m2\repository\net\java\dev\jna\jna\4.1.0\jna-4.1.0.jar;C:\Users\CHOCOLATE\.m2\repository\net\java\dev\jna\jna-platform\4.1.0\jna-platform-4.1.0.jar;C:\Users\CHOCOLATE\.m2\repository\org\seleniumhq\selenium\selenium-safari-driver\2.53.1\selenium-safari-driver-2.53.1.jar;C:\Users\CHOCOLATE\.m2\repository\io\netty\netty\3.5.7.Final\netty-3.5.7.Final.jar;C:\Users\CHOCOLATE\.m2\repository\org\seleniumhq\selenium\selenium-support\2.53.1\selenium-support-2.53.1.jar;C:\Users\CHOCOLATE\.m2\repository\org\seleniumhq\selenium\selenium-leg-rc\2.53.1\selenium-leg-rc-2.53.1.jar;"/>
    <property name="java.vm.vendor" value="Oracle Corporation"/>
    <property name="sun.arch.data.model" value="64"/>
    <property name="user.variant" value=""/>
    <property name="java.vendor.url" value="https://java.oracle.com/"/>
    <property name="user.timezone" value="Asia/Calcutta"/>
    <property name="os.name" value="Windows 10"/>
    <property name="java.vm.specification.version" value="14"/>
    <property name="sun.java.launcher" value="SUN_STANDARD"/>
    <property name="user.country" value="US"/>
    <property name="sun.boot.library.path" value="C:\Program Files\Java\jdk-14.0.1\bin"/>
    <property name="sun.java.command" value="C:\Users\CHOCOLATE\AppData\Local\Temp\surefire13310674954433307804\surefirebooter363741079925921943.jar C:\Users\CHOCOLATE\AppData\Local\Temp\surefire13310674954433307804 2020-05-10T17-08-21_241-jvmRun1 surefire10916148844884336751tmp surefire_07195931335820889546tmp"/>
    <property name="jdk.debug" value="release"/>
    <property name="surefire.test.class.path" value="C:\Users\CHOCOLATE\eclipse-workspace\MavenExample\target\test-classes;C:\Users\CHOCOLATE\eclipse-workspace\MavenExample\target\classes;C:\Users\CHOCOLATE\.m2\repository\org\testng\testng\6.13.1\testng-6.13.1.jar;C:\Users\CHOCOLATE\.m2\repository\com\beust\jcommander\1.72\jcommander-1.72.jar;C:\Users\CHOCOLATE\.m2\repository\org\seleniumhq\selenium\selenium-java\2.53.1\selenium-java-2.53.1.jar;C:\Users\CHOCOLATE\.m2\repository\org\seleniumhq\selenium\selenium-chrome-driver\2.53.1\selenium-chrome-driver-2.53.1.jar;C:\Users\CHOCOLATE\.m2\repository\org\seleniumhq\selenium\selenium-remote-driver\2.53.1\selenium-remote-driver-2.53.1.jar;C:\Users\CHOCOLATE\.m2\repository\cglib\cglib-nodep\2.1_3\cglib-nodep-2.1_3.jar;C:\Users\CHOCOLATE\.m2\repository\com\google\code\gson\gson\2.3.1\gson-2.3.1.jar;C:\Users\CHOCOLATE\.m2\repository\org\seleniumhq\selenium\selenium-api\2.53.1\selenium-api-2.53.1.jar;C:\Users\CHOCOLATE\.m2\repository\org\apache\httpcomponents\httpclient\4.5.1\httpclient-4.5.1.jar;C:\Users\CHOCOLATE\.m2\repository\org\apache\httpcomponents\httpcore\4.4.3\httpcore-4.4.3.jar;C:\Users\CHOCOLATE\.m2\repository\com\google\guava\guava\19.0\guava-19.0.jar;C:\Users\CHOCOLATE\.m2\repository\org\seleniumhq\selenium\selenium-edge-driver\2.53.1\selenium-edge-driver-2.53.1.jar;C:\Users\CHOCOLATE\.m2\repository\commons-io\commons-io\2.4\commons-io-2.4.jar;C:\Users\CHOCOLATE\.m2\repository\org\apache\commons\commons-exec\1.3\commons-exec-1.3.jar;C:\Users\CHOCOLATE\.m2\repository\org\seleniumhq\selenium\htmlunit-driver\2.21\htmlunit-driver-2.21.jar;C:\Users\CHOCOLATE\.m2\repository\net\sourceforge\htmlunit\htmlunit\2.21\htmlunit-2.21.jar;C:\Users\CHOCOLATE\.m2\repository\xalan\xalan\2.7.2\xalan-2.7.2.jar;C:\Users\CHOCOLATE\.m2\repository\xalan\serializer\2.7.2\serializer-2.7.2.jar;C:\Users\CHOCOLATE\.m2\repository\org\apache\commons\commons-lang3\3.4\commons-lang3-3.4.jar;C:\Users\CHOCOLATE\.m2\repository\org\apache\httpcomponents\httpmime\4.5.2\httpmime-4.5.2.jar;C:\Users\CHOCOLATE\.m2\repository\commons-codec\commons-codec\1.10\commons-codec-1.10.jar;C:\Users\CHOCOLATE\.m2\repository\net\sourceforge\htmlunit\htmlunit-core-js\2.17\htmlunit-core-js-2.17.jar;C:\Users\CHOCOLATE\.m2\repository\net\sourceforge\htmlunit\neko-htmlunit\2.21\neko-htmlunit-2.21.jar;C:\Users\CHOCOLATE\.m2\repository\xerces\xercesImpl\2.11.0\xercesImpl-2.11.0.jar;C:\Users\CHOCOLATE\.m2\repository\xml-apis\xml-apis\1.4.01\xml-apis-1.4.01.jar;C:\Users\CHOCOLATE\.m2\repository\net\sourceforge\cssparser\cssparser\0.9.18\cssparser-0.9.18.jar;C:\Users\CHOCOLATE\.m2\repository\org\w3c\css\sac\1.3\sac-1.3.jar;C:\Users\CHOCOLATE\.m2\repository\commons-logging\commons-logging\1.2\commons-logging-1.2.jar;C:\Users\CHOCOLATE\.m2\repository\org\eclipse\jetty\websocket\websocket-client\9.2.15.v20160210\websocket-client-9.2.15.v20160210.jar;C:\Users\CHOCOLATE\.m2\repository\org\eclipse\jetty\jetty-util\9.2.15.v20160210\jetty-util-9.2.15.v20160210.jar;C:\Users\CHOCOLATE\.m2\repository\org\eclipse\jetty\jetty-io\9.2.15.v20160210\jetty-io-9.2.15.v20160210.jar;C:\Users\CHOCOLATE\.m2\repository\org\eclipse\jetty\websocket\websocket-common\9.2.15.v20160210\websocket-common-9.2.15.v20160210.jar;C:\Users\CHOCOLATE\.m2\repository\org\eclipse\jetty\websocket\websocket-api\9.2.15.v20160210\websocket-api-9.2.15.v20160210.jar;C:\Users\CHOCOLATE\.m2\repository\commons-collections\commons-collections\3.2.2\commons-collections-3.2.2.jar;C:\Users\CHOCOLATE\.m2\repository\org\seleniumhq\selenium\selenium-firefox-driver\2.53.1\selenium-firefox-driver-2.53.1.jar;C:\Users\CHOCOLATE\.m2\repository\org\seleniumhq\selenium\selenium-ie-driver\2.53.1\selenium-ie-driver-2.53.1.jar;C:\Users\CHOCOLATE\.m2\repository\net\java\dev\jna\jna\4.1.0\jna-4.1.0.jar;C:\Users\CHOCOLATE\.m2\repository\net\java\dev\jna\jna-platform\4.1.0\jna-platform-4.1.0.jar;C:\Users\CHOCOLATE\.m2\repository\org\seleniumhq\selenium\selenium-safari-driver\2.53.1\selenium-safari-driver-2.53.1.jar;C:\Users\CHOCOLATE\.m2\repository\io\netty\netty\3.5.7.Final\netty-3.5.7.Final.jar;C:\Users\CHOCOLATE\.m2\repository\org\seleniumhq\selenium\selenium-support\2.53.1\selenium-support-2.53.1.jar;C:\Users\CHOCOLATE\.m2\repository\org\seleniumhq\selenium\selenium-leg-rc\2.53.1\selenium-leg-rc-2.53.1.jar;"/>
    <property name="sun.cpu.endian" value="little"/>
    <property name="user.home" value="C:\Users\CHOCOLATE"/>
    <property name="user.language" value="en"/>
    <property name="java.specification.vendor" value="Oracle Corporation"/>
    <property name="java.version.date" value="2020-04-14"/>
    <property name="java.home" value="C:\Program Files\Java\jdk-14.0.1"/>
    <property name="file.separator" value="\"/>
    <property name="basedir" value="C:\Users\CHOCOLATE\eclipse-workspace\MavenExample"/>
    <property name="java.vm.compressedOopsMode" value="32-bit"/>
    <property name="line.separator" value="&#10;"/>
    <property name="java.vm.specification.vendor" value="Oracle Corporation"/>
    <property name="java.specification.name" value="Java Platform API Specification"/>
    <property name="surefire.real.class.path" value="C:\Users\CHOCOLATE\AppData\Local\Temp\surefire13310674954433307804\surefirebooter363741079925921943.jar"/>
    <property name="user.script" value=""/>
    <property name="sun.management.compiler" value="HotSpot 64-Bit Tiered Compilers"/>
    <property name="java.runtime.version" value="14.0.1+7"/>
    <property name="user.name" value="CHOCOLATE"/>
    <property name="path.separator" value=";"/>
    <property name="os.version" value="10.0"/>
    <property name="java.runtime.name" value="Java(TM) SE Runtime Environment"/>
    <property name="file.encoding" value="Cp1252"/>
    <property name="java.vm.name" value="Java HotSpot(TM) 64-Bit Server VM"/>
    <property name="localRepository" value="C:\Users\CHOCOLATE\.m2\repository"/>
    <property name="java.vendor.url.bug" value="https://bugreport.java.com/bugreport/"/>
    <property name="java.io.tmpdir" value="C:\Users\CHOCOL~1\AppData\Local\Temp\"/>
    <property name="java.version" value="14.0.1"/>
    <property name="user.dir" value="C:\Users\CHOCOLATE\eclipse-workspace\MavenExample"/>
    <property name="os.arch" value="amd64"/>
    <property name="java.vm.specification.name" value="Java Virtual Machine Specification"/>
    <property name="sun.os.patch.level" value=""/>
    <property name="java.library.path" value="C:\Program Files\Java\jdk-14.0.1\bin;C:\WINDOWS\Sun\Java\bin;C:\WINDOWS\system32;C:\WINDOWS;C:\ProgramData\Oracle\Java\javapath;C:\WINDOWS\system32;C:\WINDOWS;C:\WINDOWS\System32\Wbem;C:\WINDOWS\System32\WindowsPowerShell\v1.0\;E:\Santosh\adt-bundle-windows-x86_64-20140702\sdk\tools;E:\Santosh\adt-bundle-windows-x86_64-20140702\sdk\platform-tools;E:\Santosh\adt-bundle-windows-x86_64-20140702\sdk\build-tools;C:\WINDOWS\System32\OpenSSH\;E:\Softwares\apache-maven-3.6.3\bin;C:\Program Files\Java\jdk-14.0.1\bin;C:\Users\CHOCOLATE\AppData\Local\Programs\Python\Python36\Scripts\;C:\Users\CHOCOLATE\AppData\Local\Programs\Python\Python36\;C:\Users\CHOCOLATE\AppData\Local\Microsoft\WindowsApps;;."/>
    <property name="java.vm.info" value="mixed mode, sharing"/>
    <property name="java.vendor" value="Oracle Corporation"/>
    <property name="java.vm.version" value="14.0.1+7"/>
    <property name="sun.io.unicode.encoding" value="UnicodeLittle"/>
    <property name="java.class.version" value="58.0"/>
  </properties>
  <testcase name="selenium1" classname="Example.MavenExample.SeleniumTest" time="0.015"/>
  <testcase name="selenium2" classname="Example.MavenExample.SeleniumTest" time="0"/>
  <testcase name="Appium1" classname="Example.MavenExample.AppiumTest" time="0"/>
  <testcase name="Appium2" classname="Example.MavenExample.AppiumTest" time="0"/>
  <testcase name="Restapi1" classname="Example.MavenExample.RestapiTest" time="0"/>
  <testcase name="Restapi2" classname="Example.MavenExample.RestapiTest" time="0"/>
</testsuite>