<?xml version="1.0" encoding="UTF-8"?>
<!-- Generated by org.testng.reporters.JUnitReportReporter -->
<testsuite skipped="0" hostname="DESKTOP-B0F0DER" name="Example.MavenExample.AppiumTest" tests="2" failures="0" timestamp="08 May 2020 12:09:57 GMT" time="0.016" errors="0">
  <testcase name="Appium1" time="0.016" classname="Example.MavenExample.AppiumTest"/>
  <testcase name="Appium2" time="0.000" classname="Example.MavenExample.AppiumTest"/>
</testsuite> <!-- Example.MavenExample.AppiumTest -->
