<?xml version="1.0" encoding="UTF-8"?>
<!-- Generated by org.testng.reporters.JUnitReportReporter -->
<testsuite hostname="DESKTOP-B0F0DER" failures="0" tests="2" name="Example.MavenExample.RestapiTest" time="0.000" errors="0" timestamp="10 May 2020 11:38:24 GMT" skipped="0">
  <testcase classname="Example.MavenExample.RestapiTest" name="Restapi1" time="0.000"/>
  <testcase classname="Example.MavenExample.RestapiTest" name="Restapi2" time="0.000"/>
</testsuite> <!-- Example.MavenExample.RestapiTest -->
